Arguments: 
  /usr/local/bin/node /usr/local/bin/yarn init

PATH: 
  /Library/Java/JavaVirtualMachines/jdk1.8.0_201.jdk/Contents/Home/bin:/usr/local/bin:/usr/bin:/bin:/usr/sbin:/sbin:/Applications/VMware Fusion.app/Contents/Public:/Library/Apple/usr/bin:/Users/yangkunxiao/.yarn/bin:/Users/yangkunxiao/.config/yarn/global/node_modules/.bin:/Library/Java/JavaVirtualMachines/jdk1.8.0_201.jdk/Contents/Home/bin:/Users/yangkunxiao/Library/Android/sdk/platform-tools:/Users/yangkunxiao/Library/Android/sdk/tools:/usr/local/bin/node/bin:/Users/yangkunxiao/Library/Android/sdk/platform-tools:/Users/yangkunxiao/Library/Android/sdk/tools

Yarn version: 
  1.12.3

Node version: 
  12.14.1

Platform: 
  darwin x64

Trace: 
  Error: canceled
      at Interface.<anonymous> (/usr/local/lib/node_modules/yarn/lib/cli.js:125278:13)
      at Interface.emit (events.js:223:5)
      at Interface._ttyWrite (readline.js:885:16)
      at ReadStream.onkeypress (readline.js:191:10)
      at ReadStream.emit (events.js:223:5)
      at emitKeys (internal/readline/utils.js:433:14)
      at emitKeys.next (<anonymous>)
      at ReadStream.onData (readline.js:1151:36)
      at ReadStream.emit (events.js:223:5)
      at addChunk (_stream_readable.js:309:12)

npm manifest: 
  No manifest

yarn manifest: 
  No manifest

Lockfile: 
  No lockfile
